<?xml version="1.0" encoding="UTF-8"?>
<!-- Generated by org.testng.reporters.JUnitReportReporter -->
<testsuite skipped="0" hostname="LAPTOP-R0SMGEJT" name="com.qa.Test.Get_Method" tests="1" failures="0" timestamp="2019-10-03T22:02:06 IST" time="1.892" errors="0">
  <testcase name="getAPI" time="1.892" classname="com.qa.Test.Get_Method"/>
</testsuite> <!-- com.qa.Test.Get_Method -->
