<?xml version="1.0" encoding="UTF-8"?>
<!-- Generated by org.testng.reporters.JUnitReportReporter -->
<testsuite skipped="0" hostname="LAPTOP-R0SMGEJT" name="com.qa.Test.Get_Method" tests="1" failures="0" timestamp="2019-09-07T17:09:16 IST" time="1.956" errors="0">
  <testcase name="getAPI" time="1.956" classname="com.qa.Test.Get_Method"/>
</testsuite> <!-- com.qa.Test.Get_Method -->
