<?xml version="1.0" encoding="UTF-8"?>
<!-- Generated by org.testng.reporters.JUnitReportReporter -->
<testsuite skipped="0" hostname="LAPTOP-R0SMGEJT" name="com.qa.Test.Post_MethodTest" tests="1" failures="0" timestamp="2019-10-03T21:57:11 IST" time="2.662" errors="0">
  <testcase name="getAPI" time="2.662" classname="com.qa.Test.Post_MethodTest"/>
</testsuite> <!-- com.qa.Test.Post_MethodTest -->
