<?xml version="1.0" encoding="UTF-8"?>
<!-- Generated by org.testng.reporters.JUnitReportReporter -->
<testsuite skipped="0" hostname="LAPTOP-R0SMGEJT" name="com.qa.Test.Get_Method" tests="1" failures="0" timestamp="2019-09-01T17:30:44 IST" time="1.556" errors="0">
  <testcase name="getAPI" time="1.556" classname="com.qa.Test.Get_Method"/>
</testsuite> <!-- com.qa.Test.Get_Method -->
